<?xml version="1.0" encoding="UTF-8"?>
<testng-results skipped="0" failed="0" ignored="0" total="1" passed="1">
  <reporter-output>
  </reporter-output>
  <suite name="Default suite" duration-ms="104643" started-at="2019-07-31T12:27:12Z" finished-at="2019-07-31T12:28:57Z">
    <groups>
      <group name="cucumber">
        <method signature="AbstractTestNGCucumberTests.feature(cucumber.api.testng.CucumberFeatureWrapper)[pri:0, instance:com.msp.framework.testrunner.TestRunner@5f2108b5]" name="feature" class="cucumber.api.testng.AbstractTestNGCucumberTests"/>
      </group> <!-- cucumber -->
    </groups>
    <test name="Default test" duration-ms="104643" started-at="2019-07-31T12:27:12Z" finished-at="2019-07-31T12:28:57Z">
      <class name="com.msp.framework.testrunner.TestRunner">
        <test-method status="PASS" signature="setUpClass()[pri:0, instance:com.msp.framework.testrunner.TestRunner@5f2108b5]" name="setUpClass" is-config="true" duration-ms="1186" started-at="2019-07-31T12:27:12Z" finished-at="2019-07-31T12:27:13Z">
          <reporter-output>
          </reporter-output>
        </test-method> <!-- setUpClass -->
        <test-method status="PASS" signature="feature(cucumber.api.testng.CucumberFeatureWrapper)[pri:0, instance:com.msp.framework.testrunner.TestRunner@5f2108b5]" name="feature" duration-ms="99681" started-at="2019-07-31T12:27:14Z" description="Runs Cucumber Feature" data-provider="features" finished-at="2019-07-31T12:28:53Z">
          <params>
            <param index="0">
              <value>
                <![CDATA[This feature is responsible for verifying an end to end Order for T-Shirt (and Verify in Order History) and to Update Personal Information]]>
              </value>
            </param>
          </params>
          <reporter-output>
          </reporter-output>
        </test-method> <!-- feature -->
        <test-method status="PASS" signature="after()[pri:0, instance:com.msp.framework.testrunner.TestRunner@5f2108b5]" name="after" is-config="true" duration-ms="1690" started-at="2019-07-31T12:28:53Z" finished-at="2019-07-31T12:28:55Z">
          <reporter-output>
          </reporter-output>
        </test-method> <!-- after -->
        <test-method status="PASS" signature="tearDownClass()[pri:0, instance:com.msp.framework.testrunner.TestRunner@5f2108b5]" name="tearDownClass" is-config="true" duration-ms="1815" started-at="2019-07-31T12:28:55Z" finished-at="2019-07-31T12:28:57Z">
          <reporter-output>
          </reporter-output>
        </test-method> <!-- tearDownClass -->
      </class> <!-- com.msp.framework.testrunner.TestRunner -->
    </test> <!-- Default test -->
  </suite> <!-- Default suite -->
</testng-results>
